# JRE version: OpenJDK Runtime Environment Temurin-17.0.12+7 (17.0.12+7) (build 17.0.12+7)
# Java VM: OpenJDK 64-Bit Server VM Temurin-17.0.12+7 (17.0.12+7, mixed mode, tiered, compressed oops, compressed class ptrs, parallel gc, windows-amd64)
GC Precious Log:
 CPUs: 12 total, 12 available
 Memory: 16251M
 Large Page Support: Disabled
 NUMA Support: Disabled
 Compressed Oops: Enabled (32-bit)
 Alignments: Space 512K, Generation 512K, Heap 2M
 Heap Min Capacity: 100M
 Heap Initial Capacity: 100M
 Heap Max Capacity: 1G
 Pre-touch: Disabled
 Parallel Workers: 10
Heap:
 PSYoungGen      total 22528K, used 1683K [0x00000000eab00000, 0x00000000ec280000, 0x0000000100000000)
  eden space 21504K, 5% used [0x00000000eab00000,0x00000000eac0ccf8,0x00000000ec000000)
  from space 1024K, 59% used [0x00000000ec100000,0x00000000ec198000,0x00000000ec200000)
  to   space 512K, 0% used [0x00000000ec200000,0x00000000ec200000,0x00000000ec280000)
 ParOldGen       total 68608K, used 35190K [0x00000000c0000000, 0x00000000c4300000, 0x00000000eab00000)
  object space 68608K, 51% used [0x00000000c0000000,0x00000000c225da00,0x00000000c4300000)
 Metaspace       used 45559K, committed 46272K, reserved 1114112K
  class space    used 4629K, committed 4992K, reserved 1048576K
GC Heap History (20 events):
Event: 6.637 GC heap before
{Heap before GC invocations=19 (full 2):
 PSYoungGen      total 23552K, used 23094K [0x00000000eab00000, 0x00000000ec400000, 0x0000000100000000)
  eden space 22016K, 99% used [0x00000000eab00000,0x00000000ec07f7e8,0x00000000ec080000)
  from space 1536K, 70% used [0x00000000ec280000,0x00000000ec38e260,0x00000000ec400000)
  to   space 1536K, 0% used [0x00000000ec100000,0x00000000ec100000,0x00000000ec280000)
 ParOldGen       total 68608K, used 22594K [0x00000000c0000000, 0x00000000c4300000, 0x00000000eab00000)
  object space 68608K, 32% used [0x00000000c0000000,0x00000000c1610aa8,0x00000000c4300000)
 Metaspace       used 42294K, committed 43008K, reserved 1114112K
  class space    used 4302K, committed 4608K, reserved 1048576K
}
Event: 6.638 GC heap after
{Heap after GC invocations=19 (full 2):
 PSYoungGen      total 22528K, used 416K [0x00000000eab00000, 0x00000000ec300000, 0x0000000100000000)
  eden space 22016K, 0% used [0x00000000eab00000,0x00000000eab00000,0x00000000ec080000)
  from space 512K, 81% used [0x00000000ec100000,0x00000000ec168000,0x00000000ec180000)
  to   space 1024K, 0% used [0x00000000ec200000,0x00000000ec200000,0x00000000ec300000)
 ParOldGen       total 68608K, used 23533K [0x00000000c0000000, 0x00000000c4300000, 0x00000000eab00000)
  object space 68608K, 34% used [0x00000000c0000000,0x00000000c16fb4b8,0x00000000c4300000)
 Metaspace       used 42294K, committed 43008K, reserved 1114112K
  class space    used 4302K, committed 4608K, reserved 1048576K
}
Event: 6.849 GC heap before
{Heap before GC invocations=20 (full 2):
 PSYoungGen      total 22528K, used 22432K [0x00000000eab00000, 0x00000000ec300000, 0x0000000100000000)
  eden space 22016K, 100% used [0x00000000eab00000,0x00000000ec080000,0x00000000ec080000)
  from space 512K, 81% used [0x00000000ec100000,0x00000000ec168000,0x00000000ec180000)
  to   space 1024K, 0% used [0x00000000ec200000,0x00000000ec200000,0x00000000ec300000)
 ParOldGen       total 68608K, used 23533K [0x00000000c0000000, 0x00000000c4300000, 0x00000000eab00000)
  object space 68608K, 34% used [0x00000000c0000000,0x00000000c16fb4b8,0x00000000c4300000)
 Metaspace       used 43502K, committed 44224K, reserved 1114112K
  class space    used 4421K, committed 4736K, reserved 1048576K
}
Event: 6.852 GC heap after
{Heap after GC invocations=20 (full 2):
 PSYoungGen      total 22528K, used 1011K [0x00000000eab00000, 0x00000000ec480000, 0x0000000100000000)
  eden space 21504K, 0% used [0x00000000eab00000,0x00000000eab00000,0x00000000ec000000)
  from space 1024K, 98% used [0x00000000ec200000,0x00000000ec2fcf30,0x00000000ec300000)
  to   space 2048K, 0% used [0x00000000ec000000,0x00000000ec000000,0x00000000ec200000)
 ParOldGen       total 68608K, used 24313K [0x00000000c0000000, 0x00000000c4300000, 0x00000000eab00000)
  object space 68608K, 35% used [0x00000000c0000000,0x00000000c17be7c8,0x00000000c4300000)
 Metaspace       used 43502K, committed 44224K, reserved 1114112K
  class space    used 4421K, committed 4736K, reserved 1048576K
}
Event: 6.893 GC heap before
{Heap before GC invocations=21 (full 2):
 PSYoungGen      total 22528K, used 22515K [0x00000000eab00000, 0x00000000ec480000, 0x0000000100000000)
  eden space 21504K, 100% used [0x00000000eab00000,0x00000000ec000000,0x00000000ec000000)
  from space 1024K, 98% used [0x00000000ec200000,0x00000000ec2fcf30,0x00000000ec300000)
  to   space 2048K, 0% used [0x00000000ec000000,0x00000000ec000000,0x00000000ec200000)
 ParOldGen       total 68608K, used 24313K [0x00000000c0000000, 0x00000000c4300000, 0x00000000eab00000)
  object space 68608K, 35% used [0x00000000c0000000,0x00000000c17be7c8,0x00000000c4300000)
 Metaspace       used 43574K, committed 44288K, reserved 1114112K
  class space    used 4427K, committed 4736K, reserved 1048576K
}
Event: 6.897 GC heap after
{Heap after GC invocations=21 (full 2):
 PSYoungGen      total 23552K, used 2021K [0x00000000eab00000, 0x00000000ec900000, 0x0000000100000000)
  eden space 21504K, 0% used [0x00000000eab00000,0x00000000eab00000,0x00000000ec000000)
  from space 2048K, 98% used [0x00000000ec000000,0x00000000ec1f9708,0x00000000ec200000)
  to   space 4608K, 0% used [0x00000000ec480000,0x00000000ec480000,0x00000000ec900000)
 ParOldGen       total 68608K, used 26040K [0x00000000c0000000, 0x00000000c4300000, 0x00000000eab00000)
  object space 68608K, 37% used [0x00000000c0000000,0x00000000c196e0c0,0x00000000c4300000)
 Metaspace       used 43574K, committed 44288K, reserved 1114112K
  class space    used 4427K, committed 4736K, reserved 1048576K
}
Event: 6.932 GC heap before
{Heap before GC invocations=22 (full 2):
 PSYoungGen      total 23552K, used 23525K [0x00000000eab00000, 0x00000000ec900000, 0x0000000100000000)
  eden space 21504K, 100% used [0x00000000eab00000,0x00000000ec000000,0x00000000ec000000)
  from space 2048K, 98% used [0x00000000ec000000,0x00000000ec1f9708,0x00000000ec200000)
  to   space 4608K, 0% used [0x00000000ec480000,0x00000000ec480000,0x00000000ec900000)
 ParOldGen       total 68608K, used 26040K [0x00000000c0000000, 0x00000000c4300000, 0x00000000eab00000)
  object space 68608K, 37% used [0x00000000c0000000,0x00000000c196e0c0,0x00000000c4300000)
 Metaspace       used 43591K, committed 44288K, reserved 1114112K
  class space    used 4428K, committed 4736K, reserved 1048576K
}
Event: 6.935 GC heap after
{Heap after GC invocations=22 (full 2):
 PSYoungGen      total 23552K, used 1658K [0x00000000eab00000, 0x00000000ec680000, 0x0000000100000000)
  eden space 21504K, 0% used [0x00000000eab00000,0x00000000eab00000,0x00000000ec000000)
  from space 2048K, 80% used [0x00000000ec480000,0x00000000ec61e990,0x00000000ec680000)
  to   space 2560K, 0% used [0x00000000ec180000,0x00000000ec180000,0x00000000ec400000)
 ParOldGen       total 68608K, used 27991K [0x00000000c0000000, 0x00000000c4300000, 0x00000000eab00000)
  object space 68608K, 40% used [0x00000000c0000000,0x00000000c1b55e30,0x00000000c4300000)
 Metaspace       used 43591K, committed 44288K, reserved 1114112K
  class space    used 4428K, committed 4736K, reserved 1048576K
}
Event: 6.991 GC heap before
{Heap before GC invocations=23 (full 2):
 PSYoungGen      total 23552K, used 23162K [0x00000000eab00000, 0x00000000ec680000, 0x0000000100000000)
  eden space 21504K, 100% used [0x00000000eab00000,0x00000000ec000000,0x00000000ec000000)
  from space 2048K, 80% used [0x00000000ec480000,0x00000000ec61e990,0x00000000ec680000)
  to   space 2560K, 0% used [0x00000000ec180000,0x00000000ec180000,0x00000000ec400000)
 ParOldGen       total 68608K, used 27991K [0x00000000c0000000, 0x00000000c4300000, 0x00000000eab00000)
  object space 68608K, 40% used [0x00000000c0000000,0x00000000c1b55e30,0x00000000c4300000)
 Metaspace       used 43614K, committed 44288K, reserved 1114112K
  class space    used 4430K, committed 4736K, reserved 1048576K
}
Event: 6.996 GC heap after
{Heap after GC invocations=23 (full 2):
 PSYoungGen      total 24064K, used 2555K [0x00000000eab00000, 0x00000000ec600000, 0x0000000100000000)
  eden space 21504K, 0% used [0x00000000eab00000,0x00000000eab00000,0x00000000ec000000)
  from space 2560K, 99% used [0x00000000ec180000,0x00000000ec3fec80,0x00000000ec400000)
  to   space 2048K, 0% used [0x00000000ec400000,0x00000000ec400000,0x00000000ec600000)
 ParOldGen       total 68608K, used 28999K [0x00000000c0000000, 0x00000000c4300000, 0x00000000eab00000)
  object space 68608K, 42% used [0x00000000c0000000,0x00000000c1c51e30,0x00000000c4300000)
 Metaspace       used 43614K, committed 44288K, reserved 1114112K
  class space    used 4430K, committed 4736K, reserved 1048576K
}
Event: 7.026 GC heap before
{Heap before GC invocations=24 (full 2):
 PSYoungGen      total 24064K, used 24059K [0x00000000eab00000, 0x00000000ec600000, 0x0000000100000000)
  eden space 21504K, 100% used [0x00000000eab00000,0x00000000ec000000,0x00000000ec000000)
  from space 2560K, 99% used [0x00000000ec180000,0x00000000ec3fec80,0x00000000ec400000)
  to   space 2048K, 0% used [0x00000000ec400000,0x00000000ec400000,0x00000000ec600000)
 ParOldGen       total 68608K, used 28999K [0x00000000c0000000, 0x00000000c4300000, 0x00000000eab00000)
  object space 68608K, 42% used [0x00000000c0000000,0x00000000c1c51e30,0x00000000c4300000)
 Metaspace       used 43621K, committed 44288K, reserved 1114112K
  class space    used 4431K, committed 4736K, reserved 1048576K
}
Event: 7.040 GC heap after
{Heap after GC invocations=24 (full 2):
 PSYoungGen      total 23552K, used 2043K [0x00000000eab00000, 0x00000000ec800000, 0x0000000100000000)
  eden space 21504K, 0% used [0x00000000eab00000,0x00000000eab00000,0x00000000ec000000)
  from space 2048K, 99% used [0x00000000ec400000,0x00000000ec5fecd8,0x00000000ec600000)
  to   space 4096K, 0% used [0x00000000ec000000,0x00000000ec000000,0x00000000ec400000)
 ParOldGen       total 68608K, used 30725K [0x00000000c0000000, 0x00000000c4300000, 0x00000000eab00000)
  object space 68608K, 44% used [0x00000000c0000000,0x00000000c1e016c0,0x00000000c4300000)
 Metaspace       used 43621K, committed 44288K, reserved 1114112K
  class space    used 4431K, committed 4736K, reserved 1048576K
}
Event: 7.059 GC heap before
{Heap before GC invocations=25 (full 2):
 PSYoungGen      total 23552K, used 23547K [0x00000000eab00000, 0x00000000ec800000, 0x0000000100000000)
  eden space 21504K, 100% used [0x00000000eab00000,0x00000000ec000000,0x00000000ec000000)
  from space 2048K, 99% used [0x00000000ec400000,0x00000000ec5fecd8,0x00000000ec600000)
  to   space 4096K, 0% used [0x00000000ec000000,0x00000000ec000000,0x00000000ec400000)
 ParOldGen       total 68608K, used 30725K [0x00000000c0000000, 0x00000000c4300000, 0x00000000eab00000)
  object space 68608K, 44% used [0x00000000c0000000,0x00000000c1e016c0,0x00000000c4300000)
 Metaspace       used 43862K, committed 44544K, reserved 1114112K
  class space    used 4433K, committed 4736K, reserved 1048576K
}
Event: 7.061 GC heap after
{Heap after GC invocations=25 (full 2):
 PSYoungGen      total 23040K, used 1472K [0x00000000eab00000, 0x00000000ec500000, 0x0000000100000000)
  eden space 21504K, 0% used [0x00000000eab00000,0x00000000eab00000,0x00000000ec000000)
  from space 1536K, 95% used [0x00000000ec000000,0x00000000ec170000,0x00000000ec180000)
  to   space 2560K, 0% used [0x00000000ec280000,0x00000000ec280000,0x00000000ec500000)
 ParOldGen       total 68608K, used 31973K [0x00000000c0000000, 0x00000000c4300000, 0x00000000eab00000)
  object space 68608K, 46% used [0x00000000c0000000,0x00000000c1f396c0,0x00000000c4300000)
 Metaspace       used 43862K, committed 44544K, reserved 1114112K
  class space    used 4433K, committed 4736K, reserved 1048576K
}
Event: 7.107 GC heap before
{Heap before GC invocations=26 (full 2):
 PSYoungGen      total 23040K, used 22976K [0x00000000eab00000, 0x00000000ec500000, 0x0000000100000000)
  eden space 21504K, 100% used [0x00000000eab00000,0x00000000ec000000,0x00000000ec000000)
  from space 1536K, 95% used [0x00000000ec000000,0x00000000ec170000,0x00000000ec180000)
  to   space 2560K, 0% used [0x00000000ec280000,0x00000000ec280000,0x00000000ec500000)
 ParOldGen       total 68608K, used 31973K [0x00000000c0000000, 0x00000000c4300000, 0x00000000eab00000)
  object space 68608K, 46% used [0x00000000c0000000,0x00000000c1f396c0,0x00000000c4300000)
 Metaspace       used 44161K, committed 44928K, reserved 1114112K
  class space    used 4474K, committed 4800K, reserved 1048576K
}
Event: 7.109 GC heap after
{Heap after GC invocations=26 (full 2):
 PSYoungGen      total 22528K, used 928K [0x00000000eab00000, 0x00000000ec380000, 0x0000000100000000)
  eden space 21504K, 0% used [0x00000000eab00000,0x00000000eab00000,0x00000000ec000000)
  from space 1024K, 90% used [0x00000000ec280000,0x00000000ec368000,0x00000000ec380000)
  to   space 1536K, 0% used [0x00000000ec080000,0x00000000ec080000,0x00000000ec200000)
 ParOldGen       total 68608K, used 33173K [0x00000000c0000000, 0x00000000c4300000, 0x00000000eab00000)
  object space 68608K, 48% used [0x00000000c0000000,0x00000000c20656c0,0x00000000c4300000)
 Metaspace       used 44161K, committed 44928K, reserved 1114112K
  class space    used 4474K, committed 4800K, reserved 1048576K
}
Event: 7.138 GC heap before
{Heap before GC invocations=27 (full 2):
 PSYoungGen      total 22528K, used 22432K [0x00000000eab00000, 0x00000000ec380000, 0x0000000100000000)
  eden space 21504K, 100% used [0x00000000eab00000,0x00000000ec000000,0x00000000ec000000)
  from space 1024K, 90% used [0x00000000ec280000,0x00000000ec368000,0x00000000ec380000)
  to   space 1536K, 0% used [0x00000000ec080000,0x00000000ec080000,0x00000000ec200000)
 ParOldGen       total 68608K, used 33173K [0x00000000c0000000, 0x00000000c4300000, 0x00000000eab00000)
  object space 68608K, 48% used [0x00000000c0000000,0x00000000c20656c0,0x00000000c4300000)
 Metaspace       used 44263K, committed 45056K, reserved 1114112K
  class space    used 4484K, committed 4864K, reserved 1048576K
}
Event: 7.139 GC heap after
{Heap after GC invocations=27 (full 2):
 PSYoungGen      total 23040K, used 992K [0x00000000eab00000, 0x00000000ec300000, 0x0000000100000000)
  eden space 21504K, 0% used [0x00000000eab00000,0x00000000eab00000,0x00000000ec000000)
  from space 1536K, 64% used [0x00000000ec080000,0x00000000ec178000,0x00000000ec200000)
  to   space 1024K, 0% used [0x00000000ec200000,0x00000000ec200000,0x00000000ec300000)
 ParOldGen       total 68608K, used 33990K [0x00000000c0000000, 0x00000000c4300000, 0x00000000eab00000)
  object space 68608K, 49% used [0x00000000c0000000,0x00000000c2131a00,0x00000000c4300000)
 Metaspace       used 44263K, committed 45056K, reserved 1114112K
  class space    used 4484K, committed 4864K, reserved 1048576K
}
Event: 7.185 GC heap before
{Heap before GC invocations=28 (full 2):
 PSYoungGen      total 23040K, used 22496K [0x00000000eab00000, 0x00000000ec300000, 0x0000000100000000)
  eden space 21504K, 100% used [0x00000000eab00000,0x00000000ec000000,0x00000000ec000000)
  from space 1536K, 64% used [0x00000000ec080000,0x00000000ec178000,0x00000000ec200000)
  to   space 1024K, 0% used [0x00000000ec200000,0x00000000ec200000,0x00000000ec300000)
 ParOldGen       total 68608K, used 33990K [0x00000000c0000000, 0x00000000c4300000, 0x00000000eab00000)
  object space 68608K, 49% used [0x00000000c0000000,0x00000000c2131a00,0x00000000c4300000)
 Metaspace       used 44474K, committed 45248K, reserved 1114112K
  class space    used 4508K, committed 4864K, reserved 1048576K
}
Event: 7.186 GC heap after
{Heap after GC invocations=28 (full 2):
 PSYoungGen      total 22528K, used 992K [0x00000000eab00000, 0x00000000ec300000, 0x0000000100000000)
  eden space 21504K, 0% used [0x00000000eab00000,0x00000000eab00000,0x00000000ec000000)
  from space 1024K, 96% used [0x00000000ec200000,0x00000000ec2f8000,0x00000000ec300000)
  to   space 1024K, 0% used [0x00000000ec100000,0x00000000ec100000,0x00000000ec200000)
 ParOldGen       total 68608K, used 34590K [0x00000000c0000000, 0x00000000c4300000, 0x00000000eab00000)
  object space 68608K, 50% used [0x00000000c0000000,0x00000000c21c7a00,0x00000000c4300000)
 Metaspace       used 44474K, committed 45248K, reserved 1114112K
  class space    used 4508K, committed 4864K, reserved 1048576K
}

