# JRE version: OpenJDK Runtime Environment Temurin-17.0.12+7 (17.0.12+7) (build 17.0.12+7)
# Java VM: OpenJDK 64-Bit Server VM Temurin-17.0.12+7 (17.0.12+7, mixed mode, emulated-client, tiered, compressed oops, compressed class ptrs, g1 gc, windows-amd64)
GC Precious Log:
 CPUs: 12 total, 12 available
 Memory: 16251M
 Large Page Support: Disabled
 NUMA Support: Disabled
 Compressed Oops: Enabled (32-bit)
 Heap Region Size: 1M
 Heap Min Capacity: 8M
 Heap Initial Capacity: 254M
 Heap Max Capacity: 1G
 Pre-touch: Disabled
 Parallel Workers: 10
 Concurrent Workers: 3
 Concurrent Refinement Workers: 10
 Periodic GC: Disabled
Heap:
 garbage-first heap   total 126976K, used 45533K [0x00000000c0000000, 0x0000000100000000)
  region size 1024K, 1 young (1024K), 0 survivors (0K)
 Metaspace       used 63501K, committed 64000K, reserved 1114112K
  class space    used 7816K, committed 8064K, reserved 1048576K
GC Heap History (20 events):
Event: 11092.239 GC heap after
{Heap after GC invocations=668 (full 632):
 garbage-first heap   total 126976K, used 45533K [0x00000000c0000000, 0x0000000100000000)
  region size 1024K, 0 young (0K), 0 survivors (0K)
 Metaspace       used 63501K, committed 64000K, reserved 1114112K
  class space    used 7816K, committed 8064K, reserved 1048576K
}
Event: 11102.448 GC heap before
{Heap before GC invocations=668 (full 632):
 garbage-first heap   total 126976K, used 45533K [0x00000000c0000000, 0x0000000100000000)
  region size 1024K, 1 young (1024K), 0 survivors (0K)
 Metaspace       used 63501K, committed 64000K, reserved 1114112K
  class space    used 7816K, committed 8064K, reserved 1048576K
}
Event: 11102.490 GC heap after
{Heap after GC invocations=669 (full 633):
 garbage-first heap   total 126976K, used 45533K [0x00000000c0000000, 0x0000000100000000)
  region size 1024K, 0 young (0K), 0 survivors (0K)
 Metaspace       used 63501K, committed 64000K, reserved 1114112K
  class space    used 7816K, committed 8064K, reserved 1048576K
}
Event: 11112.708 GC heap before
{Heap before GC invocations=669 (full 633):
 garbage-first heap   total 126976K, used 45533K [0x00000000c0000000, 0x0000000100000000)
  region size 1024K, 1 young (1024K), 0 survivors (0K)
 Metaspace       used 63501K, committed 64000K, reserved 1114112K
  class space    used 7816K, committed 8064K, reserved 1048576K
}
Event: 11112.761 GC heap after
{Heap after GC invocations=670 (full 634):
 garbage-first heap   total 126976K, used 45533K [0x00000000c0000000, 0x0000000100000000)
  region size 1024K, 0 young (0K), 0 survivors (0K)
 Metaspace       used 63501K, committed 64000K, reserved 1114112K
  class space    used 7816K, committed 8064K, reserved 1048576K
}
Event: 11122.985 GC heap before
{Heap before GC invocations=670 (full 634):
 garbage-first heap   total 126976K, used 45533K [0x00000000c0000000, 0x0000000100000000)
  region size 1024K, 1 young (1024K), 0 survivors (0K)
 Metaspace       used 63501K, committed 64000K, reserved 1114112K
  class space    used 7816K, committed 8064K, reserved 1048576K
}
Event: 11123.026 GC heap after
{Heap after GC invocations=671 (full 635):
 garbage-first heap   total 126976K, used 45533K [0x00000000c0000000, 0x0000000100000000)
  region size 1024K, 0 young (0K), 0 survivors (0K)
 Metaspace       used 63501K, committed 64000K, reserved 1114112K
  class space    used 7816K, committed 8064K, reserved 1048576K
}
Event: 11133.247 GC heap before
{Heap before GC invocations=671 (full 635):
 garbage-first heap   total 126976K, used 45533K [0x00000000c0000000, 0x0000000100000000)
  region size 1024K, 1 young (1024K), 0 survivors (0K)
 Metaspace       used 63501K, committed 64000K, reserved 1114112K
  class space    used 7816K, committed 8064K, reserved 1048576K
}
Event: 11133.291 GC heap after
{Heap after GC invocations=672 (full 636):
 garbage-first heap   total 126976K, used 45533K [0x00000000c0000000, 0x0000000100000000)
  region size 1024K, 0 young (0K), 0 survivors (0K)
 Metaspace       used 63501K, committed 64000K, reserved 1114112K
  class space    used 7816K, committed 8064K, reserved 1048576K
}
Event: 11143.523 GC heap before
{Heap before GC invocations=672 (full 636):
 garbage-first heap   total 126976K, used 45533K [0x00000000c0000000, 0x0000000100000000)
  region size 1024K, 1 young (1024K), 0 survivors (0K)
 Metaspace       used 63501K, committed 64000K, reserved 1114112K
  class space    used 7816K, committed 8064K, reserved 1048576K
}
Event: 11143.565 GC heap after
{Heap after GC invocations=673 (full 637):
 garbage-first heap   total 126976K, used 45533K [0x00000000c0000000, 0x0000000100000000)
  region size 1024K, 0 young (0K), 0 survivors (0K)
 Metaspace       used 63501K, committed 64000K, reserved 1114112K
  class space    used 7816K, committed 8064K, reserved 1048576K
}
Event: 11153.777 GC heap before
{Heap before GC invocations=673 (full 637):
 garbage-first heap   total 126976K, used 45533K [0x00000000c0000000, 0x0000000100000000)
  region size 1024K, 1 young (1024K), 0 survivors (0K)
 Metaspace       used 63501K, committed 64000K, reserved 1114112K
  class space    used 7816K, committed 8064K, reserved 1048576K
}
Event: 11153.818 GC heap after
{Heap after GC invocations=674 (full 638):
 garbage-first heap   total 126976K, used 45533K [0x00000000c0000000, 0x0000000100000000)
  region size 1024K, 0 young (0K), 0 survivors (0K)
 Metaspace       used 63501K, committed 64000K, reserved 1114112K
  class space    used 7816K, committed 8064K, reserved 1048576K
}
Event: 11164.029 GC heap before
{Heap before GC invocations=674 (full 638):
 garbage-first heap   total 126976K, used 45533K [0x00000000c0000000, 0x0000000100000000)
  region size 1024K, 1 young (1024K), 0 survivors (0K)
 Metaspace       used 63501K, committed 64000K, reserved 1114112K
  class space    used 7816K, committed 8064K, reserved 1048576K
}
Event: 11164.070 GC heap after
{Heap after GC invocations=675 (full 639):
 garbage-first heap   total 126976K, used 45533K [0x00000000c0000000, 0x0000000100000000)
  region size 1024K, 0 young (0K), 0 survivors (0K)
 Metaspace       used 63501K, committed 64000K, reserved 1114112K
  class space    used 7816K, committed 8064K, reserved 1048576K
}
Event: 11174.285 GC heap before
{Heap before GC invocations=675 (full 639):
 garbage-first heap   total 126976K, used 45533K [0x00000000c0000000, 0x0000000100000000)
  region size 1024K, 1 young (1024K), 0 survivors (0K)
 Metaspace       used 63501K, committed 64000K, reserved 1114112K
  class space    used 7816K, committed 8064K, reserved 1048576K
}
Event: 11174.326 GC heap after
{Heap after GC invocations=676 (full 640):
 garbage-first heap   total 126976K, used 45533K [0x00000000c0000000, 0x0000000100000000)
  region size 1024K, 0 young (0K), 0 survivors (0K)
 Metaspace       used 63501K, committed 64000K, reserved 1114112K
  class space    used 7816K, committed 8064K, reserved 1048576K
}
Event: 11184.566 GC heap before
{Heap before GC invocations=676 (full 640):
 garbage-first heap   total 126976K, used 45533K [0x00000000c0000000, 0x0000000100000000)
  region size 1024K, 1 young (1024K), 0 survivors (0K)
 Metaspace       used 63501K, committed 64000K, reserved 1114112K
  class space    used 7816K, committed 8064K, reserved 1048576K
}
Event: 11184.616 GC heap after
{Heap after GC invocations=677 (full 641):
 garbage-first heap   total 126976K, used 45533K [0x00000000c0000000, 0x0000000100000000)
  region size 1024K, 0 young (0K), 0 survivors (0K)
 Metaspace       used 63501K, committed 64000K, reserved 1114112K
  class space    used 7816K, committed 8064K, reserved 1048576K
}
Event: 11194.665 GC heap before
{Heap before GC invocations=677 (full 641):
 garbage-first heap   total 126976K, used 45533K [0x00000000c0000000, 0x0000000100000000)
  region size 1024K, 1 young (1024K), 0 survivors (0K)
 Metaspace       used 63501K, committed 64000K, reserved 1114112K
  class space    used 7816K, committed 8064K, reserved 1048576K
}

