# JRE version: OpenJDK Runtime Environment Temurin-17.0.12+7 (17.0.12+7) (build 17.0.12+7)
# Java VM: OpenJDK 64-Bit Server VM Temurin-17.0.12+7 (17.0.12+7, mixed mode, tiered, compressed oops, compressed class ptrs, parallel gc, windows-amd64)
GC Precious Log:
 CPUs: 12 total, 12 available
 Memory: 16251M
 Large Page Support: Disabled
 NUMA Support: Disabled
 Compressed Oops: Enabled (32-bit)
 Alignments: Space 512K, Generation 512K, Heap 2M
 Heap Min Capacity: 100M
 Heap Initial Capacity: 100M
 Heap Max Capacity: 1G
 Pre-touch: Disabled
 Parallel Workers: 10
Heap:
 PSYoungGen      total 17920K, used 15714K [0x00000000eab00000, 0x00000000ec400000, 0x0000000100000000)
  eden space 9728K, 83% used [0x00000000eab00000,0x00000000eb2f0280,0x00000000eb480000)
  from space 8192K, 92% used [0x00000000eb480000,0x00000000ebbe8828,0x00000000ebc80000)
  to   space 7680K, 0% used [0x00000000ebc80000,0x00000000ebc80000,0x00000000ec400000)
 ParOldGen       total 699392K, used 110819K [0x00000000c0000000, 0x00000000eab00000, 0x00000000eab00000)
  object space 699392K, 15% used [0x00000000c0000000,0x00000000c6c38cf0,0x00000000eab00000)
 Metaspace       used 60109K, committed 61184K, reserved 1114112K
  class space    used 6475K, committed 6976K, reserved 1048576K
GC Heap History (20 events):
Event: 32.655 GC heap after
{Heap after GC invocations=353 (full 233):
 PSYoungGen      total 13312K, used 5091K [0x00000000eab00000, 0x00000000ebf80000, 0x0000000100000000)
  eden space 8192K, 0% used [0x00000000eab00000,0x00000000eab00000,0x00000000eb300000)
  from space 5120K, 99% used [0x00000000eb300000,0x00000000eb7f8ef0,0x00000000eb800000)
  to   space 6144K, 0% used [0x00000000eb980000,0x00000000eb980000,0x00000000ebf80000)
 ParOldGen       total 699392K, used 103335K [0x00000000c0000000, 0x00000000eab00000, 0x00000000eab00000)
  object space 699392K, 14% used [0x00000000c0000000,0x00000000c64e9ed8,0x00000000eab00000)
 Metaspace       used 59546K, committed 60608K, reserved 1114112K
  class space    used 6428K, committed 6912K, reserved 1048576K
}
Event: 32.672 GC heap before
{Heap before GC invocations=354 (full 233):
 PSYoungGen      total 13312K, used 13283K [0x00000000eab00000, 0x00000000ebf80000, 0x0000000100000000)
  eden space 8192K, 100% used [0x00000000eab00000,0x00000000eb300000,0x00000000eb300000)
  from space 5120K, 99% used [0x00000000eb300000,0x00000000eb7f8ef0,0x00000000eb800000)
  to   space 6144K, 0% used [0x00000000eb980000,0x00000000eb980000,0x00000000ebf80000)
 ParOldGen       total 699392K, used 103335K [0x00000000c0000000, 0x00000000eab00000, 0x00000000eab00000)
  object space 699392K, 14% used [0x00000000c0000000,0x00000000c64e9ed8,0x00000000eab00000)
 Metaspace       used 59558K, committed 60672K, reserved 1114112K
  class space    used 6432K, committed 6912K, reserved 1048576K
}
Event: 32.676 GC heap after
{Heap after GC invocations=354 (full 233):
 PSYoungGen      total 14848K, used 5810K [0x00000000eab00000, 0x00000000ebf80000, 0x0000000100000000)
  eden space 8704K, 0% used [0x00000000eab00000,0x00000000eab00000,0x00000000eb380000)
  from space 6144K, 94% used [0x00000000eb980000,0x00000000ebf2cba0,0x00000000ebf80000)
  to   space 6144K, 0% used [0x00000000eb380000,0x00000000eb380000,0x00000000eb980000)
 ParOldGen       total 699392K, used 103919K [0x00000000c0000000, 0x00000000eab00000, 0x00000000eab00000)
  object space 699392K, 14% used [0x00000000c0000000,0x00000000c657bc48,0x00000000eab00000)
 Metaspace       used 59558K, committed 60672K, reserved 1114112K
  class space    used 6432K, committed 6912K, reserved 1048576K
}
Event: 32.688 GC heap before
{Heap before GC invocations=355 (full 233):
 PSYoungGen      total 14848K, used 14514K [0x00000000eab00000, 0x00000000ebf80000, 0x0000000100000000)
  eden space 8704K, 100% used [0x00000000eab00000,0x00000000eb380000,0x00000000eb380000)
  from space 6144K, 94% used [0x00000000eb980000,0x00000000ebf2cba0,0x00000000ebf80000)
  to   space 6144K, 0% used [0x00000000eb380000,0x00000000eb380000,0x00000000eb980000)
 ParOldGen       total 699392K, used 103919K [0x00000000c0000000, 0x00000000eab00000, 0x00000000eab00000)
  object space 699392K, 14% used [0x00000000c0000000,0x00000000c657bc48,0x00000000eab00000)
 Metaspace       used 59580K, committed 60672K, reserved 1114112K
  class space    used 6434K, committed 6912K, reserved 1048576K
}
Event: 32.692 GC heap after
{Heap after GC invocations=355 (full 233):
 PSYoungGen      total 14848K, used 6113K [0x00000000eab00000, 0x00000000ec500000, 0x0000000100000000)
  eden space 8704K, 0% used [0x00000000eab00000,0x00000000eab00000,0x00000000eb380000)
  from space 6144K, 99% used [0x00000000eb380000,0x00000000eb9784b8,0x00000000eb980000)
  to   space 8704K, 0% used [0x00000000ebc80000,0x00000000ebc80000,0x00000000ec500000)
 ParOldGen       total 699392K, used 105900K [0x00000000c0000000, 0x00000000eab00000, 0x00000000eab00000)
  object space 699392K, 15% used [0x00000000c0000000,0x00000000c676b1b0,0x00000000eab00000)
 Metaspace       used 59580K, committed 60672K, reserved 1114112K
  class space    used 6434K, committed 6912K, reserved 1048576K
}
Event: 32.707 GC heap before
{Heap before GC invocations=356 (full 233):
 PSYoungGen      total 14848K, used 14817K [0x00000000eab00000, 0x00000000ec500000, 0x0000000100000000)
  eden space 8704K, 100% used [0x00000000eab00000,0x00000000eb380000,0x00000000eb380000)
  from space 6144K, 99% used [0x00000000eb380000,0x00000000eb9784b8,0x00000000eb980000)
  to   space 8704K, 0% used [0x00000000ebc80000,0x00000000ebc80000,0x00000000ec500000)
 ParOldGen       total 699392K, used 105900K [0x00000000c0000000, 0x00000000eab00000, 0x00000000eab00000)
  object space 699392K, 15% used [0x00000000c0000000,0x00000000c676b1d8,0x00000000eab00000)
 Metaspace       used 59612K, committed 60672K, reserved 1114112K
  class space    used 6437K, committed 6912K, reserved 1048576K
}
Event: 32.711 GC heap after
{Heap after GC invocations=356 (full 233):
 PSYoungGen      total 14336K, used 4964K [0x00000000eab00000, 0x00000000ec180000, 0x0000000100000000)
  eden space 9216K, 0% used [0x00000000eab00000,0x00000000eab00000,0x00000000eb400000)
  from space 5120K, 96% used [0x00000000ebc80000,0x00000000ec159048,0x00000000ec180000)
  to   space 6144K, 0% used [0x00000000eb580000,0x00000000eb580000,0x00000000ebb80000)
 ParOldGen       total 699392K, used 106439K [0x00000000c0000000, 0x00000000eab00000, 0x00000000eab00000)
  object space 699392K, 15% used [0x00000000c0000000,0x00000000c67f1f08,0x00000000eab00000)
 Metaspace       used 59612K, committed 60672K, reserved 1114112K
  class space    used 6437K, committed 6912K, reserved 1048576K
}
Event: 32.737 GC heap before
{Heap before GC invocations=357 (full 233):
 PSYoungGen      total 14336K, used 14180K [0x00000000eab00000, 0x00000000ec180000, 0x0000000100000000)
  eden space 9216K, 100% used [0x00000000eab00000,0x00000000eb400000,0x00000000eb400000)
  from space 5120K, 96% used [0x00000000ebc80000,0x00000000ec159048,0x00000000ec180000)
  to   space 6144K, 0% used [0x00000000eb580000,0x00000000eb580000,0x00000000ebb80000)
 ParOldGen       total 699392K, used 106456K [0x00000000c0000000, 0x00000000eab00000, 0x00000000eab00000)
  object space 699392K, 15% used [0x00000000c0000000,0x00000000c67f6328,0x00000000eab00000)
 Metaspace       used 59703K, committed 60800K, reserved 1114112K
  class space    used 6443K, committed 6912K, reserved 1048576K
}
Event: 32.742 GC heap after
{Heap after GC invocations=357 (full 233):
 PSYoungGen      total 15872K, used 6132K [0x00000000eab00000, 0x00000000ec180000, 0x0000000100000000)
  eden space 9728K, 0% used [0x00000000eab00000,0x00000000eab00000,0x00000000eb480000)
  from space 6144K, 99% used [0x00000000eb580000,0x00000000ebb7d140,0x00000000ebb80000)
  to   space 6144K, 0% used [0x00000000ebb80000,0x00000000ebb80000,0x00000000ec180000)
 ParOldGen       total 699392K, used 106520K [0x00000000c0000000, 0x00000000eab00000, 0x00000000eab00000)
  object space 699392K, 15% used [0x00000000c0000000,0x00000000c6806328,0x00000000eab00000)
 Metaspace       used 59703K, committed 60800K, reserved 1114112K
  class space    used 6443K, committed 6912K, reserved 1048576K
}
Event: 32.757 GC heap before
{Heap before GC invocations=358 (full 233):
 PSYoungGen      total 15872K, used 15860K [0x00000000eab00000, 0x00000000ec180000, 0x0000000100000000)
  eden space 9728K, 100% used [0x00000000eab00000,0x00000000eb480000,0x00000000eb480000)
  from space 6144K, 99% used [0x00000000eb580000,0x00000000ebb7d140,0x00000000ebb80000)
  to   space 6144K, 0% used [0x00000000ebb80000,0x00000000ebb80000,0x00000000ec180000)
 ParOldGen       total 699392K, used 106520K [0x00000000c0000000, 0x00000000eab00000, 0x00000000eab00000)
  object space 699392K, 15% used [0x00000000c0000000,0x00000000c6806328,0x00000000eab00000)
 Metaspace       used 59737K, committed 60800K, reserved 1114112K
  class space    used 6446K, committed 6912K, reserved 1048576K
}
Event: 32.761 GC heap after
{Heap after GC invocations=358 (full 233):
 PSYoungGen      total 15360K, used 4718K [0x00000000eab00000, 0x00000000ec080000, 0x0000000100000000)
  eden space 10240K, 0% used [0x00000000eab00000,0x00000000eab00000,0x00000000eb500000)
  from space 5120K, 92% used [0x00000000ebb80000,0x00000000ec01bb28,0x00000000ec080000)
  to   space 5632K, 0% used [0x00000000eb580000,0x00000000eb580000,0x00000000ebb00000)
 ParOldGen       total 699392K, used 108686K [0x00000000c0000000, 0x00000000eab00000, 0x00000000eab00000)
  object space 699392K, 15% used [0x00000000c0000000,0x00000000c6a23870,0x00000000eab00000)
 Metaspace       used 59737K, committed 60800K, reserved 1114112K
  class space    used 6446K, committed 6912K, reserved 1048576K
}
Event: 32.774 GC heap before
{Heap before GC invocations=359 (full 233):
 PSYoungGen      total 15360K, used 14958K [0x00000000eab00000, 0x00000000ec080000, 0x0000000100000000)
  eden space 10240K, 100% used [0x00000000eab00000,0x00000000eb500000,0x00000000eb500000)
  from space 5120K, 92% used [0x00000000ebb80000,0x00000000ec01bb28,0x00000000ec080000)
  to   space 5632K, 0% used [0x00000000eb580000,0x00000000eb580000,0x00000000ebb00000)
 ParOldGen       total 699392K, used 108686K [0x00000000c0000000, 0x00000000eab00000, 0x00000000eab00000)
  object space 699392K, 15% used [0x00000000c0000000,0x00000000c6a23870,0x00000000eab00000)
 Metaspace       used 59776K, committed 60864K, reserved 1114112K
  class space    used 6448K, committed 6912K, reserved 1048576K
}
Event: 32.777 GC heap after
{Heap after GC invocations=359 (full 233):
 PSYoungGen      total 16384K, used 5416K [0x00000000eab00000, 0x00000000ec080000, 0x0000000100000000)
  eden space 10752K, 0% used [0x00000000eab00000,0x00000000eab00000,0x00000000eb580000)
  from space 5632K, 96% used [0x00000000eb580000,0x00000000ebaca3d0,0x00000000ebb00000)
  to   space 5632K, 0% used [0x00000000ebb00000,0x00000000ebb00000,0x00000000ec080000)
 ParOldGen       total 699392K, used 108686K [0x00000000c0000000, 0x00000000eab00000, 0x00000000eab00000)
  object space 699392K, 15% used [0x00000000c0000000,0x00000000c6a23870,0x00000000eab00000)
 Metaspace       used 59776K, committed 60864K, reserved 1114112K
  class space    used 6448K, committed 6912K, reserved 1048576K
}
Event: 32.796 GC heap before
{Heap before GC invocations=360 (full 233):
 PSYoungGen      total 16384K, used 16168K [0x00000000eab00000, 0x00000000ec080000, 0x0000000100000000)
  eden space 10752K, 100% used [0x00000000eab00000,0x00000000eb580000,0x00000000eb580000)
  from space 5632K, 96% used [0x00000000eb580000,0x00000000ebaca3d0,0x00000000ebb00000)
  to   space 5632K, 0% used [0x00000000ebb00000,0x00000000ebb00000,0x00000000ec080000)
 ParOldGen       total 699392K, used 108686K [0x00000000c0000000, 0x00000000eab00000, 0x00000000eab00000)
  object space 699392K, 15% used [0x00000000c0000000,0x00000000c6a23870,0x00000000eab00000)
 Metaspace       used 59843K, committed 60928K, reserved 1114112K
  class space    used 6455K, committed 6912K, reserved 1048576K
}
Event: 32.801 GC heap after
{Heap after GC invocations=360 (full 233):
 PSYoungGen      total 15872K, used 5630K [0x00000000eab00000, 0x00000000ec200000, 0x0000000100000000)
  eden space 10240K, 0% used [0x00000000eab00000,0x00000000eab00000,0x00000000eb500000)
  from space 5632K, 99% used [0x00000000ebb00000,0x00000000ec07f9b0,0x00000000ec080000)
  to   space 6144K, 0% used [0x00000000eb500000,0x00000000eb500000,0x00000000ebb00000)
 ParOldGen       total 699392K, used 108902K [0x00000000c0000000, 0x00000000eab00000, 0x00000000eab00000)
  object space 699392K, 15% used [0x00000000c0000000,0x00000000c6a59a40,0x00000000eab00000)
 Metaspace       used 59843K, committed 60928K, reserved 1114112K
  class space    used 6455K, committed 6912K, reserved 1048576K
}
Event: 32.829 GC heap before
{Heap before GC invocations=361 (full 233):
 PSYoungGen      total 15872K, used 15870K [0x00000000eab00000, 0x00000000ec200000, 0x0000000100000000)
  eden space 10240K, 100% used [0x00000000eab00000,0x00000000eb500000,0x00000000eb500000)
  from space 5632K, 99% used [0x00000000ebb00000,0x00000000ec07f9b0,0x00000000ec080000)
  to   space 6144K, 0% used [0x00000000eb500000,0x00000000eb500000,0x00000000ebb00000)
 ParOldGen       total 699392K, used 108902K [0x00000000c0000000, 0x00000000eab00000, 0x00000000eab00000)
  object space 699392K, 15% used [0x00000000c0000000,0x00000000c6a59a40,0x00000000eab00000)
 Metaspace       used 59883K, committed 60928K, reserved 1114112K
  class space    used 6459K, committed 6912K, reserved 1048576K
}
Event: 32.834 GC heap after
{Heap after GC invocations=361 (full 233):
 PSYoungGen      total 16384K, used 6136K [0x00000000eab00000, 0x00000000ec380000, 0x0000000100000000)
  eden space 10240K, 0% used [0x00000000eab00000,0x00000000eab00000,0x00000000eb500000)
  from space 6144K, 99% used [0x00000000eb500000,0x00000000ebafe0b8,0x00000000ebb00000)
  to   space 7168K, 0% used [0x00000000ebc80000,0x00000000ebc80000,0x00000000ec380000)
 ParOldGen       total 699392K, used 109432K [0x00000000c0000000, 0x00000000eab00000, 0x00000000eab00000)
  object space 699392K, 15% used [0x00000000c0000000,0x00000000c6ade2f8,0x00000000eab00000)
 Metaspace       used 59883K, committed 60928K, reserved 1114112K
  class space    used 6459K, committed 6912K, reserved 1048576K
}
Event: 32.876 GC heap before
{Heap before GC invocations=362 (full 233):
 PSYoungGen      total 16384K, used 16376K [0x00000000eab00000, 0x00000000ec380000, 0x0000000100000000)
  eden space 10240K, 100% used [0x00000000eab00000,0x00000000eb500000,0x00000000eb500000)
  from space 6144K, 99% used [0x00000000eb500000,0x00000000ebafe0b8,0x00000000ebb00000)
  to   space 7168K, 0% used [0x00000000ebc80000,0x00000000ebc80000,0x00000000ec380000)
 ParOldGen       total 699392K, used 109432K [0x00000000c0000000, 0x00000000eab00000, 0x00000000eab00000)
  object space 699392K, 15% used [0x00000000c0000000,0x00000000c6ade2f8,0x00000000eab00000)
 Metaspace       used 59920K, committed 60928K, reserved 1114112K
  class space    used 6463K, committed 6912K, reserved 1048576K
}
Event: 32.882 GC heap after
{Heap after GC invocations=362 (full 233):
 PSYoungGen      total 16896K, used 7138K [0x00000000eab00000, 0x00000000ec580000, 0x0000000100000000)
  eden space 9728K, 0% used [0x00000000eab00000,0x00000000eab00000,0x00000000eb480000)
  from space 7168K, 99% used [0x00000000ebc80000,0x00000000ec378808,0x00000000ec380000)
  to   space 8192K, 0% used [0x00000000eb480000,0x00000000eb480000,0x00000000ebc80000)
 ParOldGen       total 699392K, used 109853K [0x00000000c0000000, 0x00000000eab00000, 0x00000000eab00000)
  object space 699392K, 15% used [0x00000000c0000000,0x00000000c6b47528,0x00000000eab00000)
 Metaspace       used 59920K, committed 60928K, reserved 1114112K
  class space    used 6463K, committed 6912K, reserved 1048576K
}
Event: 32.926 GC heap before
{Heap before GC invocations=363 (full 233):
 PSYoungGen      total 16896K, used 16866K [0x00000000eab00000, 0x00000000ec580000, 0x0000000100000000)
  eden space 9728K, 100% used [0x00000000eab00000,0x00000000eb480000,0x00000000eb480000)
  from space 7168K, 99% used [0x00000000ebc80000,0x00000000ec378808,0x00000000ec380000)
  to   space 8192K, 0% used [0x00000000eb480000,0x00000000eb480000,0x00000000ebc80000)
 ParOldGen       total 699392K, used 109853K [0x00000000c0000000, 0x00000000eab00000, 0x00000000eab00000)
  object space 699392K, 15% used [0x00000000c0000000,0x00000000c6b47528,0x00000000eab00000)
 Metaspace       used 59987K, committed 60992K, reserved 1114112K
  class space    used 6471K, committed 6912K, reserved 1048576K
}

