# JRE version: OpenJDK Runtime Environment Temurin-17.0.12+7 (17.0.12+7) (build 17.0.12+7)
# Java VM: OpenJDK 64-Bit Server VM Temurin-17.0.12+7 (17.0.12+7, mixed mode, tiered, compressed oops, compressed class ptrs, parallel gc, windows-amd64)
GC Precious Log:
 CPUs: 12 total, 12 available
 Memory: 16251M
 Large Page Support: Disabled
 NUMA Support: Disabled
 Compressed Oops: Enabled (32-bit)
 Alignments: Space 512K, Generation 512K, Heap 2M
 Heap Min Capacity: 100M
 Heap Initial Capacity: 100M
 Heap Max Capacity: 1G
 Pre-touch: Disabled
 Parallel Workers: 10
Heap:
 PSYoungGen      total 22016K, used 5629K [0x00000000eab00000, 0x00000000ec200000, 0x0000000100000000)
  eden space 20480K, 22% used [0x00000000eab00000,0x00000000eaf90b08,0x00000000ebf00000)
  from space 1536K, 62% used [0x00000000ebf80000,0x00000000ec06eaf0,0x00000000ec100000)
  to   space 1024K, 0% used [0x00000000ec100000,0x00000000ec100000,0x00000000ec200000)
 ParOldGen       total 169472K, used 135437K [0x00000000c0000000, 0x00000000ca580000, 0x00000000eab00000)
  object space 169472K, 79% used [0x00000000c0000000,0x00000000c8443538,0x00000000ca580000)
 Metaspace       used 64260K, committed 65408K, reserved 1114112K
  class space    used 6808K, committed 7296K, reserved 1048576K
GC Heap History (20 events):
Event: 13.345 GC heap before
{Heap before GC invocations=151 (full 6):
 PSYoungGen      total 20480K, used 20406K [0x00000000eab00000, 0x00000000ec180000, 0x0000000100000000)
  eden space 19456K, 100% used [0x00000000eab00000,0x00000000ebe00000,0x00000000ebe00000)
  from space 1024K, 92% used [0x00000000ebe00000,0x00000000ebeed9a0,0x00000000ebf00000)
  to   space 1024K, 0% used [0x00000000ec080000,0x00000000ec080000,0x00000000ec180000)
 ParOldGen       total 133120K, used 130595K [0x00000000c0000000, 0x00000000c8200000, 0x00000000eab00000)
  object space 133120K, 98% used [0x00000000c0000000,0x00000000c7f88dd0,0x00000000c8200000)
 Metaspace       used 64215K, committed 65408K, reserved 1114112K
  class space    used 6804K, committed 7296K, reserved 1048576K
}
Event: 13.346 GC heap after
{Heap after GC invocations=151 (full 6):
 PSYoungGen      total 20480K, used 1023K [0x00000000eab00000, 0x00000000ec180000, 0x0000000100000000)
  eden space 19456K, 0% used [0x00000000eab00000,0x00000000eab00000,0x00000000ebe00000)
  from space 1024K, 99% used [0x00000000ec080000,0x00000000ec17fed0,0x00000000ec180000)
  to   space 1536K, 0% used [0x00000000ebe80000,0x00000000ebe80000,0x00000000ec000000)
 ParOldGen       total 133120K, used 131370K [0x00000000c0000000, 0x00000000c8200000, 0x00000000eab00000)
  object space 133120K, 98% used [0x00000000c0000000,0x00000000c804a858,0x00000000c8200000)
 Metaspace       used 64215K, committed 65408K, reserved 1114112K
  class space    used 6804K, committed 7296K, reserved 1048576K
}
Event: 13.361 GC heap before
{Heap before GC invocations=152 (full 6):
 PSYoungGen      total 20480K, used 20479K [0x00000000eab00000, 0x00000000ec180000, 0x0000000100000000)
  eden space 19456K, 100% used [0x00000000eab00000,0x00000000ebe00000,0x00000000ebe00000)
  from space 1024K, 99% used [0x00000000ec080000,0x00000000ec17fed0,0x00000000ec180000)
  to   space 1536K, 0% used [0x00000000ebe80000,0x00000000ebe80000,0x00000000ec000000)
 ParOldGen       total 133120K, used 131370K [0x00000000c0000000, 0x00000000c8200000, 0x00000000eab00000)
  object space 133120K, 98% used [0x00000000c0000000,0x00000000c804a858,0x00000000c8200000)
 Metaspace       used 64258K, committed 65408K, reserved 1114112K
  class space    used 6808K, committed 7296K, reserved 1048576K
}
Event: 13.363 GC heap after
{Heap after GC invocations=152 (full 6):
 PSYoungGen      total 20992K, used 959K [0x00000000eab00000, 0x00000000ec100000, 0x0000000100000000)
  eden space 19456K, 0% used [0x00000000eab00000,0x00000000eab00000,0x00000000ebe00000)
  from space 1536K, 62% used [0x00000000ebe80000,0x00000000ebf6fdd0,0x00000000ec000000)
  to   space 1024K, 0% used [0x00000000ec000000,0x00000000ec000000,0x00000000ec100000)
 ParOldGen       total 133120K, used 132108K [0x00000000c0000000, 0x00000000c8200000, 0x00000000eab00000)
  object space 133120K, 99% used [0x00000000c0000000,0x00000000c8103298,0x00000000c8200000)
 Metaspace       used 64258K, committed 65408K, reserved 1114112K
  class space    used 6808K, committed 7296K, reserved 1048576K
}
Event: 13.375 GC heap before
{Heap before GC invocations=153 (full 6):
 PSYoungGen      total 20992K, used 20415K [0x00000000eab00000, 0x00000000ec100000, 0x0000000100000000)
  eden space 19456K, 100% used [0x00000000eab00000,0x00000000ebe00000,0x00000000ebe00000)
  from space 1536K, 62% used [0x00000000ebe80000,0x00000000ebf6fdd0,0x00000000ec000000)
  to   space 1024K, 0% used [0x00000000ec000000,0x00000000ec000000,0x00000000ec100000)
 ParOldGen       total 133120K, used 132108K [0x00000000c0000000, 0x00000000c8200000, 0x00000000eab00000)
  object space 133120K, 99% used [0x00000000c0000000,0x00000000c8103298,0x00000000c8200000)
 Metaspace       used 64259K, committed 65408K, reserved 1114112K
  class space    used 6808K, committed 7296K, reserved 1048576K
}
Event: 13.377 GC heap after
{Heap after GC invocations=153 (full 6):
 PSYoungGen      total 20480K, used 715K [0x00000000eab00000, 0x00000000ec100000, 0x0000000100000000)
  eden space 19456K, 0% used [0x00000000eab00000,0x00000000eab00000,0x00000000ebe00000)
  from space 1024K, 69% used [0x00000000ec000000,0x00000000ec0b2db0,0x00000000ec100000)
  to   space 1024K, 0% used [0x00000000ebf00000,0x00000000ebf00000,0x00000000ec000000)
 ParOldGen       total 133120K, used 132915K [0x00000000c0000000, 0x00000000c8200000, 0x00000000eab00000)
  object space 133120K, 99% used [0x00000000c0000000,0x00000000c81ccc68,0x00000000c8200000)
 Metaspace       used 64259K, committed 65408K, reserved 1114112K
  class space    used 6808K, committed 7296K, reserved 1048576K
}
Event: 13.377 GC heap before
{Heap before GC invocations=154 (full 7):
 PSYoungGen      total 20480K, used 715K [0x00000000eab00000, 0x00000000ec100000, 0x0000000100000000)
  eden space 19456K, 0% used [0x00000000eab00000,0x00000000eab00000,0x00000000ebe00000)
  from space 1024K, 69% used [0x00000000ec000000,0x00000000ec0b2db0,0x00000000ec100000)
  to   space 1024K, 0% used [0x00000000ebf00000,0x00000000ebf00000,0x00000000ec000000)
 ParOldGen       total 133120K, used 132915K [0x00000000c0000000, 0x00000000c8200000, 0x00000000eab00000)
  object space 133120K, 99% used [0x00000000c0000000,0x00000000c81ccc68,0x00000000c8200000)
 Metaspace       used 64259K, committed 65408K, reserved 1114112K
  class space    used 6808K, committed 7296K, reserved 1048576K
}
Event: 13.445 GC heap after
{Heap after GC invocations=154 (full 7):
 PSYoungGen      total 21504K, used 0K [0x00000000eab00000, 0x00000000ec280000, 0x0000000100000000)
  eden space 20480K, 0% used [0x00000000eab00000,0x00000000eab00000,0x00000000ebf00000)
  from space 1024K, 0% used [0x00000000ebf00000,0x00000000ebf00000,0x00000000ec000000)
  to   space 1024K, 0% used [0x00000000ec180000,0x00000000ec180000,0x00000000ec280000)
 ParOldGen       total 169472K, used 128389K [0x00000000c0000000, 0x00000000ca580000, 0x00000000eab00000)
  object space 169472K, 75% used [0x00000000c0000000,0x00000000c7d617f8,0x00000000ca580000)
 Metaspace       used 64259K, committed 65408K, reserved 1114112K
  class space    used 6808K, committed 7296K, reserved 1048576K
}
Event: 13.457 GC heap before
{Heap before GC invocations=155 (full 7):
 PSYoungGen      total 21504K, used 20480K [0x00000000eab00000, 0x00000000ec280000, 0x0000000100000000)
  eden space 20480K, 100% used [0x00000000eab00000,0x00000000ebf00000,0x00000000ebf00000)
  from space 1024K, 0% used [0x00000000ebf00000,0x00000000ebf00000,0x00000000ec000000)
  to   space 1024K, 0% used [0x00000000ec180000,0x00000000ec180000,0x00000000ec280000)
 ParOldGen       total 169472K, used 128389K [0x00000000c0000000, 0x00000000ca580000, 0x00000000eab00000)
  object space 169472K, 75% used [0x00000000c0000000,0x00000000c7d617f8,0x00000000ca580000)
 Metaspace       used 64259K, committed 65408K, reserved 1114112K
  class space    used 6808K, committed 7296K, reserved 1048576K
}
Event: 13.459 GC heap after
{Heap after GC invocations=155 (full 7):
 PSYoungGen      total 21504K, used 1005K [0x00000000eab00000, 0x00000000ec280000, 0x0000000100000000)
  eden space 20480K, 0% used [0x00000000eab00000,0x00000000eab00000,0x00000000ebf00000)
  from space 1024K, 98% used [0x00000000ec180000,0x00000000ec27b508,0x00000000ec280000)
  to   space 1536K, 0% used [0x00000000ebf80000,0x00000000ebf80000,0x00000000ec100000)
 ParOldGen       total 169472K, used 128397K [0x00000000c0000000, 0x00000000ca580000, 0x00000000eab00000)
  object space 169472K, 75% used [0x00000000c0000000,0x00000000c7d637f8,0x00000000ca580000)
 Metaspace       used 64259K, committed 65408K, reserved 1114112K
  class space    used 6808K, committed 7296K, reserved 1048576K
}
Event: 13.471 GC heap before
{Heap before GC invocations=156 (full 7):
 PSYoungGen      total 21504K, used 21485K [0x00000000eab00000, 0x00000000ec280000, 0x0000000100000000)
  eden space 20480K, 100% used [0x00000000eab00000,0x00000000ebf00000,0x00000000ebf00000)
  from space 1024K, 98% used [0x00000000ec180000,0x00000000ec27b508,0x00000000ec280000)
  to   space 1536K, 0% used [0x00000000ebf80000,0x00000000ebf80000,0x00000000ec100000)
 ParOldGen       total 169472K, used 128397K [0x00000000c0000000, 0x00000000ca580000, 0x00000000eab00000)
  object space 169472K, 75% used [0x00000000c0000000,0x00000000c7d637f8,0x00000000ca580000)
 Metaspace       used 64259K, committed 65408K, reserved 1114112K
  class space    used 6808K, committed 7296K, reserved 1048576K
}
Event: 13.472 GC heap after
{Heap after GC invocations=156 (full 7):
 PSYoungGen      total 22016K, used 1534K [0x00000000eab00000, 0x00000000ec400000, 0x0000000100000000)
  eden space 20480K, 0% used [0x00000000eab00000,0x00000000eab00000,0x00000000ebf00000)
  from space 1536K, 99% used [0x00000000ebf80000,0x00000000ec0ffbe8,0x00000000ec100000)
  to   space 2560K, 0% used [0x00000000ec180000,0x00000000ec180000,0x00000000ec400000)
 ParOldGen       total 169472K, used 128770K [0x00000000c0000000, 0x00000000ca580000, 0x00000000eab00000)
  object space 169472K, 75% used [0x00000000c0000000,0x00000000c7dc0910,0x00000000ca580000)
 Metaspace       used 64259K, committed 65408K, reserved 1114112K
  class space    used 6808K, committed 7296K, reserved 1048576K
}
Event: 13.483 GC heap before
{Heap before GC invocations=157 (full 7):
 PSYoungGen      total 22016K, used 22014K [0x00000000eab00000, 0x00000000ec400000, 0x0000000100000000)
  eden space 20480K, 100% used [0x00000000eab00000,0x00000000ebf00000,0x00000000ebf00000)
  from space 1536K, 99% used [0x00000000ebf80000,0x00000000ec0ffbe8,0x00000000ec100000)
  to   space 2560K, 0% used [0x00000000ec180000,0x00000000ec180000,0x00000000ec400000)
 ParOldGen       total 169472K, used 128770K [0x00000000c0000000, 0x00000000ca580000, 0x00000000eab00000)
  object space 169472K, 75% used [0x00000000c0000000,0x00000000c7dc0910,0x00000000ca580000)
 Metaspace       used 64259K, committed 65408K, reserved 1114112K
  class space    used 6808K, committed 7296K, reserved 1048576K
}
Event: 13.484 GC heap after
{Heap after GC invocations=157 (full 7):
 PSYoungGen      total 21504K, used 807K [0x00000000eab00000, 0x00000000ec280000, 0x0000000100000000)
  eden space 20480K, 0% used [0x00000000eab00000,0x00000000eab00000,0x00000000ebf00000)
  from space 1024K, 78% used [0x00000000ec180000,0x00000000ec249e88,0x00000000ec280000)
  to   space 1536K, 0% used [0x00000000ebf80000,0x00000000ebf80000,0x00000000ec100000)
 ParOldGen       total 169472K, used 130270K [0x00000000c0000000, 0x00000000ca580000, 0x00000000eab00000)
  object space 169472K, 76% used [0x00000000c0000000,0x00000000c7f37980,0x00000000ca580000)
 Metaspace       used 64259K, committed 65408K, reserved 1114112K
  class space    used 6808K, committed 7296K, reserved 1048576K
}
Event: 13.497 GC heap before
{Heap before GC invocations=158 (full 7):
 PSYoungGen      total 21504K, used 21287K [0x00000000eab00000, 0x00000000ec280000, 0x0000000100000000)
  eden space 20480K, 100% used [0x00000000eab00000,0x00000000ebf00000,0x00000000ebf00000)
  from space 1024K, 78% used [0x00000000ec180000,0x00000000ec249e88,0x00000000ec280000)
  to   space 1536K, 0% used [0x00000000ebf80000,0x00000000ebf80000,0x00000000ec100000)
 ParOldGen       total 169472K, used 130270K [0x00000000c0000000, 0x00000000ca580000, 0x00000000eab00000)
  object space 169472K, 76% used [0x00000000c0000000,0x00000000c7f37980,0x00000000ca580000)
 Metaspace       used 64259K, committed 65408K, reserved 1114112K
  class space    used 6808K, committed 7296K, reserved 1048576K
}
Event: 13.499 GC heap after
{Heap after GC invocations=158 (full 7):
 PSYoungGen      total 22016K, used 949K [0x00000000eab00000, 0x00000000ec200000, 0x0000000100000000)
  eden space 20480K, 0% used [0x00000000eab00000,0x00000000eab00000,0x00000000ebf00000)
  from space 1536K, 61% used [0x00000000ebf80000,0x00000000ec06d758,0x00000000ec100000)
  to   space 1024K, 0% used [0x00000000ec100000,0x00000000ec100000,0x00000000ec200000)
 ParOldGen       total 169472K, used 130937K [0x00000000c0000000, 0x00000000ca580000, 0x00000000eab00000)
  object space 169472K, 77% used [0x00000000c0000000,0x00000000c7fde720,0x00000000ca580000)
 Metaspace       used 64259K, committed 65408K, reserved 1114112K
  class space    used 6808K, committed 7296K, reserved 1048576K
}
Event: 13.510 GC heap before
{Heap before GC invocations=159 (full 7):
 PSYoungGen      total 22016K, used 21429K [0x00000000eab00000, 0x00000000ec200000, 0x0000000100000000)
  eden space 20480K, 100% used [0x00000000eab00000,0x00000000ebf00000,0x00000000ebf00000)
  from space 1536K, 61% used [0x00000000ebf80000,0x00000000ec06d758,0x00000000ec100000)
  to   space 1024K, 0% used [0x00000000ec100000,0x00000000ec100000,0x00000000ec200000)
 ParOldGen       total 169472K, used 130937K [0x00000000c0000000, 0x00000000ca580000, 0x00000000eab00000)
  object space 169472K, 77% used [0x00000000c0000000,0x00000000c7fde720,0x00000000ca580000)
 Metaspace       used 64259K, committed 65408K, reserved 1114112K
  class space    used 6808K, committed 7296K, reserved 1048576K
}
Event: 13.512 GC heap after
{Heap after GC invocations=159 (full 7):
 PSYoungGen      total 21504K, used 818K [0x00000000eab00000, 0x00000000ec200000, 0x0000000100000000)
  eden space 20480K, 0% used [0x00000000eab00000,0x00000000eab00000,0x00000000ebf00000)
  from space 1024K, 79% used [0x00000000ec100000,0x00000000ec1cc9e0,0x00000000ec200000)
  to   space 1536K, 0% used [0x00000000ebf80000,0x00000000ebf80000,0x00000000ec100000)
 ParOldGen       total 169472K, used 131739K [0x00000000c0000000, 0x00000000ca580000, 0x00000000eab00000)
  object space 169472K, 77% used [0x00000000c0000000,0x00000000c80a6ff8,0x00000000ca580000)
 Metaspace       used 64259K, committed 65408K, reserved 1114112K
  class space    used 6808K, committed 7296K, reserved 1048576K
}
Event: 13.523 GC heap before
{Heap before GC invocations=160 (full 7):
 PSYoungGen      total 21504K, used 21298K [0x00000000eab00000, 0x00000000ec200000, 0x0000000100000000)
  eden space 20480K, 100% used [0x00000000eab00000,0x00000000ebf00000,0x00000000ebf00000)
  from space 1024K, 79% used [0x00000000ec100000,0x00000000ec1cc9e0,0x00000000ec200000)
  to   space 1536K, 0% used [0x00000000ebf80000,0x00000000ebf80000,0x00000000ec100000)
 ParOldGen       total 169472K, used 131739K [0x00000000c0000000, 0x00000000ca580000, 0x00000000eab00000)
  object space 169472K, 77% used [0x00000000c0000000,0x00000000c80a6ff8,0x00000000ca580000)
 Metaspace       used 64259K, committed 65408K, reserved 1114112K
  class space    used 6808K, committed 7296K, reserved 1048576K
}
Event: 13.525 GC heap after
{Heap after GC invocations=160 (full 7):
 PSYoungGen      total 22016K, used 1040K [0x00000000eab00000, 0x00000000ec200000, 0x0000000100000000)
  eden space 20480K, 0% used [0x00000000eab00000,0x00000000eab00000,0x00000000ebf00000)
  from space 1536K, 67% used [0x00000000ebf80000,0x00000000ec084280,0x00000000ec100000)
  to   space 1024K, 0% used [0x00000000ec100000,0x00000000ec100000,0x00000000ec200000)
 ParOldGen       total 169472K, used 132435K [0x00000000c0000000, 0x00000000ca580000, 0x00000000eab00000)
  object space 169472K, 78% used [0x00000000c0000000,0x00000000c8154f00,0x00000000ca580000)
 Metaspace       used 64259K, committed 65408K, reserved 1114112K
  class space    used 6808K, committed 7296K, reserved 1048576K
}

